<?xml version="1.0" encoding="UTF-8"?>
<!-- Generated by org.testng.reporters.JUnitReportReporter -->
<testsuite hostname="GBADAGAR00157" name="com.practice.TestNGDemo1" tests="2" failures="0" timestamp="28 Mar 2016 15:59:31 GMT" time="0.016" errors="0">
  <testcase name="testDemoA" time="0.010" classname="com.practice.TestNGDemo1"/>
  <testcase name="testDemoB" time="0.006" classname="com.practice.TestNGDemo1"/>
</testsuite> <!-- com.practice.TestNGDemo1 -->
