<?xml version="1.0" encoding="UTF-8"?>
<!-- Generated by org.testng.reporters.JUnitReportReporter -->
<testsuite hostname="sdjgf-PC" name="com.practice.HandlingFrames" tests="1" failures="0" timestamp="14 Jul 2014 16:23:31 GMT" time="18.473" errors="0">
  <testcase name="testHandlingFrames" time="18.473" classname="com.practice.HandlingFrames"/>
</testsuite> <!-- com.practice.HandlingFrames -->
