<?xml version="1.0" encoding="UTF-8"?>
<!-- Generated by org.testng.reporters.JUnitReportReporter -->
<testsuite hostname="sdjgf-PC" name="ReadingDataFrom1stCell" tests="1" failures="0" timestamp="24 May 2014 18:06:06 GMT" time="1.946" errors="0">
  <testcase name="test" time="1.946" classname="ReadingDataFrom1stCell"/>
</testsuite> <!-- ReadingDataFrom1stCell -->
