<?xml version="1.0" encoding="UTF-8"?>
<!-- Generated by org.testng.reporters.JUnitReportReporter -->
<testsuite hostname="Girish-PC" name="com.practice.S_checkAlCheckBoxes" tests="1" failures="0" timestamp="22 Feb 2015 09:35:40 GMT" time="22.734" errors="0">
  <testcase name="testS_checkAlCheckBoxes" time="22.734" classname="com.practice.S_checkAlCheckBoxes"/>
</testsuite> <!-- com.practice.S_checkAlCheckBoxes -->
