<?xml version="1.0" encoding="UTF-8"?>
<!-- Generated by org.testng.reporters.JUnitReportReporter -->
<testsuite hostname="Anandgirish-PC" name="com.practice.AT_dataProvider" tests="2" failures="0" timestamp="5 Sep 2015 06:31:44 GMT" time="0.016" errors="0">
  <testcase name="testMailSending" time="0.016" classname="com.practice.AT_dataProvider"/>
  <testcase name="testMailSending" time="0.000" classname="com.practice.AT_dataProvider"/>
</testsuite> <!-- com.practice.AT_dataProvider -->
