<?xml version="1.0" encoding="UTF-8"?>
<!-- Generated by org.testng.reporters.JUnitReportReporter -->
<testsuite hostname="Girish-PC" name="com.practice.S_ReadingDataFromExcel1" tests="1" failures="0" timestamp="7 Dec 2014 17:36:34 GMT" time="0.561" errors="0">
  <testcase name="testReadingDataFromExcel1" time="0.561" classname="com.practice.S_ReadingDataFromExcel1"/>
</testsuite> <!-- com.practice.S_ReadingDataFromExcel1 -->
