<?xml version="1.0" encoding="UTF-8"?>
<!-- Generated by org.testng.reporters.JUnitReportReporter -->
<testsuite hostname="GBADAGAR00157" name="com.practice.AT_FluentWait_timeInterval" tests="1" failures="0" timestamp="5 Apr 2016 14:26:05 GMT" time="11.366" errors="0">
  <testcase name="testAT_FluentWait_timeInterval" time="11.366" classname="com.practice.AT_FluentWait_timeInterval"/>
</testsuite> <!-- com.practice.AT_FluentWait_timeInterval -->
