<?xml version="1.0" encoding="UTF-8"?>
<!-- Generated by org.testng.reporters.JUnitReportReporter -->
<testsuite hostname="Girish-PC" name="com.practice.S_LoginLogoutActitime" tests="1" failures="0" timestamp="18 Jul 2015 15:09:04 GMT" time="25.484" errors="0">
  <testcase name="testLogiLogoutActitime" time="25.484" classname="com.practice.S_LoginLogoutActitime"/>
</testsuite> <!-- com.practice.S_LoginLogoutActitime -->
