<?xml version="1.0" encoding="UTF-8"?>
<!-- Generated by org.testng.reporters.JUnitReportReporter -->
<testsuite hostname="Girish-PC" name="com.practice.S_AlertPopUp" tests="1" failures="0" timestamp="22 Feb 2015 11:11:12 GMT" time="15.670" errors="0">
  <testcase name="testAlertPopUp" time="15.670" classname="com.practice.S_AlertPopUp"/>
</testsuite> <!-- com.practice.S_AlertPopUp -->
