<?xml version="1.0" encoding="UTF-8"?>
<!-- Generated by org.testng.reporters.JUnitReportReporter -->
<testsuite hostname="Girish-PC" name="com.Actitime.testcases.AT_Billing_Create" tests="1" failures="0" timestamp="13 Dec 2014 17:30:34 GMT" time="7.999" errors="0">
  <testcase name="testAT_Billing_Create" time="7.999" classname="com.Actitime.testcases.AT_Billing_Create"/>
</testsuite> <!-- com.Actitime.testcases.AT_Billing_Create -->
