<?xml version="1.0" encoding="UTF-8"?>
<!-- Generated by org.testng.reporters.JUnitReportReporter -->
<testsuite hostname="Anandgirish-PC" name="com.practice.AT_WindowPopUp" tests="1" failures="0" timestamp="22 Nov 2015 05:33:59 GMT" time="15.367" errors="0">
  <testcase name="testAT_WindowPopUp" time="15.367" classname="com.practice.AT_WindowPopUp"/>
</testsuite> <!-- com.practice.AT_WindowPopUp -->
