<?xml version="1.0" encoding="UTF-8"?>
<!-- Generated by org.testng.reporters.JUnitReportReporter -->
<testsuite hostname="Anandgirish-PC" name="com.practice.AT_LoginToActiTime_S3" tests="1" failures="0" timestamp="26 Aug 2015 17:38:50 GMT" time="12.529" errors="0">
  <testcase name="testAT_LoginToActiTime_S3" time="12.529" classname="com.practice.AT_LoginToActiTime_S3"/>
</testsuite> <!-- com.practice.AT_LoginToActiTime_S3 -->
