<?xml version="1.0" encoding="UTF-8"?>
<!-- Generated by org.testng.reporters.JUnitReportReporter -->
<testsuite hostname="Girish-PC" name="com.practice.S_ParameterWithTestNGXML" tests="1" failures="0" timestamp="14 Dec 2014 12:45:37 GMT" time="15.641" errors="0">
  <testcase name="testParameterWithXML" time="15.641" classname="com.practice.S_ParameterWithTestNGXML"/>
</testsuite> <!-- com.practice.S_ParameterWithTestNGXML -->
