<?xml version="1.0" encoding="UTF-8"?>
<!-- Generated by org.testng.reporters.JUnitReportReporter -->
<testsuite hostname="sdjgf-PC" name="com.projectname.testcases.AT_Billing_Duplicate" tests="1" failures="0" timestamp="16 Feb 2014 07:28:04 GMT" time="20.952" errors="0">
  <testcase name="testAT_Billing_Duplicate" time="20.952" classname="com.projectname.testcases.AT_Billing_Duplicate"/>
</testsuite> <!-- com.projectname.testcases.AT_Billing_Duplicate -->
