<?xml version="1.0" encoding="UTF-8"?>
<!-- Generated by org.testng.reporters.JUnitReportReporter -->
<testsuite hostname="Girish-PC" name="com.practice.S_DropDownMenuActionsClass" tests="1" failures="0" timestamp="7 Dec 2014 06:29:57 GMT" time="34.237" errors="0">
  <testcase name="test" time="34.237" classname="com.practice.S_DropDownMenuActionsClass"/>
</testsuite> <!-- com.practice.S_DropDownMenuActionsClass -->
