<?xml version="1.0" encoding="UTF-8"?>
<!-- Generated by org.testng.reporters.JUnitReportReporter -->
<testsuite hostname="Anandgirish-PC" name="com.practice.AdvanceReporting" tests="1" failures="0" timestamp="22 Aug 2015 16:48:49 GMT" time="6.444" errors="0">
  <testcase name="verifySeleniumBlog" time="6.444" classname="com.practice.AdvanceReporting"/>
</testsuite> <!-- com.practice.AdvanceReporting -->
