<?xml version="1.0" encoding="UTF-8"?>
<!-- Generated by org.testng.reporters.JUnitReportReporter -->
<testsuite hostname="Girish-PC" name="com.practice.S_ChromeBrowser" tests="1" failures="0" timestamp="7 Dec 2014 08:01:34 GMT" time="45.202" errors="0">
  <testcase name="testChromeBrowser" time="45.202" classname="com.practice.S_ChromeBrowser"/>
</testsuite> <!-- com.practice.S_ChromeBrowser -->
