<?xml version="1.0" encoding="UTF-8"?>
<!-- Generated by org.testng.reporters.JUnitReportReporter -->
<testsuite hostname="sdjgf-PC" name="com.practice.SearchRequiredOptionInListBox" tests="1" failures="0" timestamp="21 May 2014 17:05:51 GMT" time="40.414" errors="0">
  <testcase name="testSearchRequiredOptionInListBox" time="40.414" classname="com.practice.SearchRequiredOptionInListBox"/>
</testsuite> <!-- com.practice.SearchRequiredOptionInListBox -->
