<?xml version="1.0" encoding="UTF-8"?>
<!-- Generated by org.testng.reporters.JUnitReportReporter -->
<testsuite hostname="Girish-PC" name="com.practice.S_AllLinksOnWebPage" tests="1" failures="0" timestamp="7 Dec 2014 07:36:41 GMT" time="39.008" errors="0">
  <testcase name="test" time="39.008" classname="com.practice.S_AllLinksOnWebPage"/>
</testsuite> <!-- com.practice.S_AllLinksOnWebPage -->
