<?xml version="1.0" encoding="UTF-8"?>
<!-- Generated by org.testng.reporters.JUnitReportReporter -->
<testsuite hostname="sdjgf-PC" name="com.practice.practice3" tests="1" failures="0" timestamp="22 Feb 2014 20:56:32 GMT" time="20.018" errors="0">
  <testcase name="testpractice3" time="20.018" classname="com.practice.practice3"/>
</testsuite> <!-- com.practice.practice3 -->
