<?xml version="1.0" encoding="UTF-8"?>
<!-- Generated by org.testng.reporters.JUnitReportReporter -->
<testsuite hostname="Girish-PC" name="com.practice.S_SelectClass_SearchReqOption" tests="1" failures="0" timestamp="7 Dec 2014 05:32:13 GMT" time="5.419" errors="0">
  <testcase name="testSearchReqOption" time="5.419" classname="com.practice.S_SelectClass_SearchReqOption"/>
</testsuite> <!-- com.practice.S_SelectClass_SearchReqOption -->
