<?xml version="1.0" encoding="UTF-8"?>
<!-- Generated by org.testng.reporters.JUnitReportReporter -->
<testsuite hostname="Girish-PC" name="com.practice.IEBrowser" tests="1" failures="0" timestamp="22 Feb 2015 10:17:54 GMT" time="51.169" errors="0">
  <testcase name="testS_checkAlCheckBoxes" time="51.169" classname="com.practice.IEBrowser"/>
</testsuite> <!-- com.practice.IEBrowser -->
