<?xml version="1.0" encoding="UTF-8"?>
<!-- Generated by org.testng.reporters.JUnitReportReporter -->
<testsuite hostname="sdjgf-PC" name="com.practice.SelectClass" tests="1" failures="0" timestamp="18 May 2014 07:18:01 GMT" time="17.240" errors="0">
  <testcase name="testSelectClass" time="17.240" classname="com.practice.SelectClass"/>
</testsuite> <!-- com.practice.SelectClass -->
