<?xml version="1.0" encoding="UTF-8"?>
<!-- Generated by org.testng.reporters.JUnitReportReporter -->
<testsuite hostname="GBADAGAR00157" name="com.practice.AT_WebDriver_Wait" tests="1" failures="0" timestamp="21 Nov 2016 07:43:10 GMT" time="16.522" errors="0">
  <testcase name="testAT_WebDriver_Wait" time="16.522" classname="com.practice.AT_WebDriver_Wait"/>
</testsuite> <!-- com.practice.AT_WebDriver_Wait -->
