<?xml version="1.0" encoding="UTF-8"?>
<!-- Generated by org.testng.reporters.JUnitReportReporter -->
<testsuite hostname="Anandgirish-PC" name="com.practice.extentHTMLReport" tests="1" failures="0" timestamp="10 Dec 2015 17:08:34 GMT" time="9.252" errors="0">
  <testcase name="verifySeleniumBlog" time="9.252" classname="com.practice.extentHTMLReport"/>
</testsuite> <!-- com.practice.extentHTMLReport -->
