<?xml version="1.0" encoding="UTF-8"?>
<!-- Generated by org.testng.reporters.JUnitReportReporter -->
<testsuite hostname="Anandgirish-PC" name="com.practice.Scrolling_Page" tests="1" failures="0" timestamp="17 Dec 2015 09:40:25 GMT" time="47.387" errors="0">
  <testcase name="testScrolling_Page" time="47.387" classname="com.practice.Scrolling_Page"/>
</testsuite> <!-- com.practice.Scrolling_Page -->
