<?xml version="1.0" encoding="UTF-8"?>
<!-- Generated by org.testng.reporters.JUnitReportReporter -->
<testsuite hostname="sdjgf-PC" name="com.practice.TestNGDemo" tests="2" failures="0" timestamp="27 May 2014 17:43:43 GMT" time="0.032" errors="0">
  <testcase name="testDemoA" time="0.032" classname="com.practice.TestNGDemo"/>
  <testcase name="testDemoB" time="0.000" classname="com.practice.TestNGDemo"/>
</testsuite> <!-- com.practice.TestNGDemo -->
