<?xml version="1.0" encoding="UTF-8"?>
<!-- Generated by org.testng.reporters.JUnitReportReporter -->
<testsuite hostname="Girish-PC" name="com.practice.S_SelectClass_IsMultiple" tests="1" failures="0" timestamp="7 Dec 2014 05:13:26 GMT" time="3.381" errors="0">
  <testcase name="testIsMultole" time="3.381" classname="com.practice.S_SelectClass_IsMultiple"/>
</testsuite> <!-- com.practice.S_SelectClass_IsMultiple -->
