<?xml version="1.0" encoding="UTF-8"?>
<!-- Generated by org.testng.reporters.JUnitReportReporter -->
<testsuite hostname="Anandgirish-PC" name="com.practice.AT_ChildBrowserPopUp2" tests="1" failures="0" timestamp="13 Sep 2015 04:37:40 GMT" time="18.690" errors="0">
  <testcase name="testAT_ChildBrowserPopUp2" time="18.690" classname="com.practice.AT_ChildBrowserPopUp2"/>
</testsuite> <!-- com.practice.AT_ChildBrowserPopUp2 -->
