<?xml version="1.0" encoding="UTF-8"?>
<!-- Generated by org.testng.reporters.JUnitReportReporter -->
<testsuite hostname="Girish-PC" name="com.practice.ContextClick" tests="1" failures="1" timestamp="3 Oct 2014 15:04:45 GMT" time="47.802" errors="0">
  <testcase name="testContextClick" time="47.802" classname="com.practice.ContextClick">
    <failure type="org.openqa.selenium.WebDriverException" message="Failed to connect to binary FirefoxBinary(C:\Program Files (x86)\Mozilla Firefox\firefox.exe) on port 7055; process output follows: 
fied Functional Testing\\Bin\\Mozilla\\Common&quot;,&quot;mtime&quot;:1410588621013,&quot;rdfTime&quot;:1404763212000}}},{&quot;name&quot;:&quot;app-profile&quot;,&quot;addons&quot;:{&quot;fxdriver@googlecode.com&quot;:{&quot;descriptor&quot;:&quot;C:\\Users\\Girish\\AppData\\Local\\Temp\\anonymous7139010751645864536webdriver-profile\\extensions\\fxdriver@googlecode.com&quot;,&quot;mtime&quot;:1412348638531,&quot;rdfTime&quot;:1412348638515}}}]
1412348639045	addons.xpi-utils	DEBUG	Opening XPI database C:\Users\Girish\AppData\Local\Temp\anonymous7139010751645864536webdriver-profile\extensions.json
1412348639046	addons.xpi	DEBUG	New add-on fxdriver@googlecode.com installed in app-profile
*** Blocklist::_loadBlocklistFromFile: blocklist is disabled
1412348639065	addons.xpi-utils	DEBUG	Make addon app-profile:fxdriver@googlecode.com visible
1412348639066	DeferredSave.extensions.json	DEBUG	Save changes
1412348639066	DeferredSave.extensions.json	DEBUG	Save changes
1412348639067	addons.xpi	DEBUG	New add-on {9F17B1A2-7317-49ef-BCB7-7BB47BDE10F8} installed in winreg-app-user
1412348639076	addons.xpi-utils	DEBUG	Make addon winreg-app-user:{9F17B1A2-7317-49ef-BCB7-7BB47BDE10F8} visible
1412348639076	DeferredSave.extensions.json	DEBUG	Save changes
1412348639076	DeferredSave.extensions.json	DEBUG	Save changes
1412348639076	addons.xpi	DEBUG	New add-on {972ce4c6-7e08-4474-a285-3208198ce6fd} installed in app-global
1412348639077	addons.xpi-utils	DEBUG	Make addon app-global:{972ce4c6-7e08-4474-a285-3208198ce6fd} visible
1412348639078	DeferredSave.extensions.json	DEBUG	Save changes
1412348639078	DeferredSave.extensions.json	DEBUG	Save changes
1412348639078	addons.xpi	DEBUG	New add-on {9F17B1A2-7317-49ef-BCB7-7BB47BDE10F8} installed in winreg-app-global
1412348639086	DeferredSave.extensions.json	DEBUG	Save changes
1412348639099	addons.xpi	DEBUG	Updating database with changes to installed add-ons
1412348639099	addons.xpi-utils	DEBUG	Updating add-on states
1412348639099	addons.xpi-utils	DEBUG	Writing add-ons list
1412348639544	DeferredSave.extensions.json	DEBUG	Starting timer
1412348639572	addons.manager	DEBUG	shutdown
1412348639573	DeferredSave.extensions.json	DEBUG	Starting write
1412348639573	addons.xpi	DEBUG	shutdown
1412348639574	addons.xpi-utils	DEBUG	shutdown
1412348639613	DeferredSave.extensions.json	DEBUG	Write succeeded
1412348639613	addons.xpi-utils	DEBUG	XPI Database saved, setting schema version preference to 16
1412348639613	addons.xpi	DEBUG	Notifying XPI shutdown observers
1412348639615	addons.manager	DEBUG	Async provider shutdown done
1412348639929	addons.manager	DEBUG	Loaded provider scope for resource://gre/modules/addons/XPIProvider.jsm: [&quot;XPIProvider&quot;]
1412348639931	addons.manager	DEBUG	Loaded provider scope for resource://gre/modules/LightweightThemeManager.jsm: [&quot;LightweightThemeManager&quot;]
1412348639932	addons.xpi	DEBUG	startup
1412348639932	addons.xpi	INFO	Mapping {9F17B1A2-7317-49ef-BCB7-7BB47BDE10F8} to C:\Program Files (x86)\HP\Unified Functional Testing\\bin\Mozilla\Common
1412348639933	addons.xpi	DEBUG	Skipping unavailable install location app-system-local
1412348639933	addons.xpi	DEBUG	Skipping unavailable install location app-system-share
1412348639933	addons.xpi	INFO	Mapping {972ce4c6-7e08-4474-a285-3208198ce6fd} to C:\Program Files (x86)\Mozilla Firefox\browser\extensions\{972ce4c6-7e08-4474-a285-3208198ce6fd}
1412348639934	addons.xpi	INFO	Mapping {9F17B1A2-7317-49ef-BCB7-7BB47BDE10F8} to C:\Program Files (x86)\HP\Unified Functional Testing\Bin\Mozilla\Common
1412348639934	addons.xpi	INFO	Mapping fxdriver@googlecode.com to C:\Users\Girish\AppData\Local\Temp\anonymous7139010751645864536webdriver-profile\extensions\fxdriver@googlecode.com
1412348639934	addons.xpi	DEBUG	Ignoring file entry whose name is not a valid add-on ID: C:\Users\Girish\AppData\Local\Temp\anonymous7139010751645864536webdriver-profile\extensions\webdriver-staging
1412348639935	addons.xpi	DEBUG	checkForChanges
1412348639949	addons.xpi	DEBUG	No changes found
*** Blocklist::_preloadBlocklistFile: blocklist is disabled
JavaScript error: chrome://browser/content/urlbarBindings.xml, line 677: aUrl is undefined

Build info: version: &#039;2.38.0&#039;, revision: &#039;bd32d4e&#039;, time: &#039;2013-12-05 16:15:38&#039;
System info: host: &#039;Girish-PC&#039;, ip: &#039;115.242.131.109&#039;, os.name: &#039;Windows 7&#039;, os.arch: &#039;x86&#039;, os.version: &#039;6.1&#039;, java.version: &#039;1.7.0_45&#039;
Driver info: driver.version: FirefoxDriver">
      <![CDATA[org.openqa.selenium.WebDriverException: Failed to connect to binary FirefoxBinary(C:\Program Files (x86)\Mozilla Firefox\firefox.exe) on port 7055; process output follows: 
fied Functional Testing\\Bin\\Mozilla\\Common","mtime":1410588621013,"rdfTime":1404763212000}}},{"name":"app-profile","addons":{"fxdriver@googlecode.com":{"descriptor":"C:\\Users\\Girish\\AppData\\Local\\Temp\\anonymous7139010751645864536webdriver-profile\\extensions\\fxdriver@googlecode.com","mtime":1412348638531,"rdfTime":1412348638515}}}]
1412348639045	addons.xpi-utils	DEBUG	Opening XPI database C:\Users\Girish\AppData\Local\Temp\anonymous7139010751645864536webdriver-profile\extensions.json
1412348639046	addons.xpi	DEBUG	New add-on fxdriver@googlecode.com installed in app-profile
*** Blocklist::_loadBlocklistFromFile: blocklist is disabled
1412348639065	addons.xpi-utils	DEBUG	Make addon app-profile:fxdriver@googlecode.com visible
1412348639066	DeferredSave.extensions.json	DEBUG	Save changes
1412348639066	DeferredSave.extensions.json	DEBUG	Save changes
1412348639067	addons.xpi	DEBUG	New add-on {9F17B1A2-7317-49ef-BCB7-7BB47BDE10F8} installed in winreg-app-user
1412348639076	addons.xpi-utils	DEBUG	Make addon winreg-app-user:{9F17B1A2-7317-49ef-BCB7-7BB47BDE10F8} visible
1412348639076	DeferredSave.extensions.json	DEBUG	Save changes
1412348639076	DeferredSave.extensions.json	DEBUG	Save changes
1412348639076	addons.xpi	DEBUG	New add-on {972ce4c6-7e08-4474-a285-3208198ce6fd} installed in app-global
1412348639077	addons.xpi-utils	DEBUG	Make addon app-global:{972ce4c6-7e08-4474-a285-3208198ce6fd} visible
1412348639078	DeferredSave.extensions.json	DEBUG	Save changes
1412348639078	DeferredSave.extensions.json	DEBUG	Save changes
1412348639078	addons.xpi	DEBUG	New add-on {9F17B1A2-7317-49ef-BCB7-7BB47BDE10F8} installed in winreg-app-global
1412348639086	DeferredSave.extensions.json	DEBUG	Save changes
1412348639099	addons.xpi	DEBUG	Updating database with changes to installed add-ons
1412348639099	addons.xpi-utils	DEBUG	Updating add-on states
1412348639099	addons.xpi-utils	DEBUG	Writing add-ons list
1412348639544	DeferredSave.extensions.json	DEBUG	Starting timer
1412348639572	addons.manager	DEBUG	shutdown
1412348639573	DeferredSave.extensions.json	DEBUG	Starting write
1412348639573	addons.xpi	DEBUG	shutdown
1412348639574	addons.xpi-utils	DEBUG	shutdown
1412348639613	DeferredSave.extensions.json	DEBUG	Write succeeded
1412348639613	addons.xpi-utils	DEBUG	XPI Database saved, setting schema version preference to 16
1412348639613	addons.xpi	DEBUG	Notifying XPI shutdown observers
1412348639615	addons.manager	DEBUG	Async provider shutdown done
1412348639929	addons.manager	DEBUG	Loaded provider scope for resource://gre/modules/addons/XPIProvider.jsm: ["XPIProvider"]
1412348639931	addons.manager	DEBUG	Loaded provider scope for resource://gre/modules/LightweightThemeManager.jsm: ["LightweightThemeManager"]
1412348639932	addons.xpi	DEBUG	startup
1412348639932	addons.xpi	INFO	Mapping {9F17B1A2-7317-49ef-BCB7-7BB47BDE10F8} to C:\Program Files (x86)\HP\Unified Functional Testing\\bin\Mozilla\Common
1412348639933	addons.xpi	DEBUG	Skipping unavailable install location app-system-local
1412348639933	addons.xpi	DEBUG	Skipping unavailable install location app-system-share
1412348639933	addons.xpi	INFO	Mapping {972ce4c6-7e08-4474-a285-3208198ce6fd} to C:\Program Files (x86)\Mozilla Firefox\browser\extensions\{972ce4c6-7e08-4474-a285-3208198ce6fd}
1412348639934	addons.xpi	INFO	Mapping {9F17B1A2-7317-49ef-BCB7-7BB47BDE10F8} to C:\Program Files (x86)\HP\Unified Functional Testing\Bin\Mozilla\Common
1412348639934	addons.xpi	INFO	Mapping fxdriver@googlecode.com to C:\Users\Girish\AppData\Local\Temp\anonymous7139010751645864536webdriver-profile\extensions\fxdriver@googlecode.com
1412348639934	addons.xpi	DEBUG	Ignoring file entry whose name is not a valid add-on ID: C:\Users\Girish\AppData\Local\Temp\anonymous7139010751645864536webdriver-profile\extensions\webdriver-staging
1412348639935	addons.xpi	DEBUG	checkForChanges
1412348639949	addons.xpi	DEBUG	No changes found
*** Blocklist::_preloadBlocklistFile: blocklist is disabled
JavaScript error: chrome://browser/content/urlbarBindings.xml, line 677: aUrl is undefined

Build info: version: '2.38.0', revision: 'bd32d4e', time: '2013-12-05 16:15:38'
System info: host: 'Girish-PC', ip: '115.242.131.109', os.name: 'Windows 7', os.arch: 'x86', os.version: '6.1', java.version: '1.7.0_45'
Driver info: driver.version: FirefoxDriver
	at org.openqa.selenium.firefox.internal.NewProfileExtensionConnection.start(NewProfileExtensionConnection.java:130)
	at org.openqa.selenium.firefox.FirefoxDriver.startClient(FirefoxDriver.java:250)
	at org.openqa.selenium.remote.RemoteWebDriver.<init>(RemoteWebDriver.java:110)
	at org.openqa.selenium.firefox.FirefoxDriver.<init>(FirefoxDriver.java:197)
	at org.openqa.selenium.firefox.FirefoxDriver.<init>(FirefoxDriver.java:190)
	at org.openqa.selenium.firefox.FirefoxDriver.<init>(FirefoxDriver.java:186)
	at org.openqa.selenium.firefox.FirefoxDriver.<init>(FirefoxDriver.java:99)
	at com.practice.ContextClick.testContextClick(ContextClick.java:20)
	at sun.reflect.NativeMethodAccessorImpl.invoke0(Native Method)
	at sun.reflect.NativeMethodAccessorImpl.invoke(Unknown Source)
	at sun.reflect.DelegatingMethodAccessorImpl.invoke(Unknown Source)
	at java.lang.reflect.Method.invoke(Unknown Source)
	at org.testng.internal.MethodInvocationHelper.invokeMethod(MethodInvocationHelper.java:84)
	at org.testng.internal.Invoker.invokeMethod(Invoker.java:714)
	at org.testng.internal.Invoker.invokeTestMethod(Invoker.java:901)
	at org.testng.internal.Invoker.invokeTestMethods(Invoker.java:1231)
	at org.testng.internal.TestMethodWorker.invokeTestMethods(TestMethodWorker.java:127)
	at org.testng.internal.TestMethodWorker.run(TestMethodWorker.java:111)
	at org.testng.TestRunner.privateRun(TestRunner.java:767)
	at org.testng.TestRunner.run(TestRunner.java:617)
	at org.testng.SuiteRunner.runTest(SuiteRunner.java:334)
	at org.testng.SuiteRunner.runSequentially(SuiteRunner.java:329)
	at org.testng.SuiteRunner.privateRun(SuiteRunner.java:291)
	at org.testng.SuiteRunner.run(SuiteRunner.java:240)
	at org.testng.SuiteRunnerWorker.runSuite(SuiteRunnerWorker.java:52)
	at org.testng.SuiteRunnerWorker.run(SuiteRunnerWorker.java:86)
	at org.testng.TestNG.runSuitesSequentially(TestNG.java:1224)
	at org.testng.TestNG.runSuitesLocally(TestNG.java:1149)
	at org.testng.TestNG.run(TestNG.java:1057)
	at org.testng.remote.RemoteTestNG.run(RemoteTestNG.java:111)
	at org.testng.remote.RemoteTestNG.initAndRun(RemoteTestNG.java:204)
	at org.testng.remote.RemoteTestNG.main(RemoteTestNG.java:175)
Caused by: org.openqa.selenium.firefox.NotConnectedException: Unable to connect to host 127.0.0.1 on port 7055 after 45000 ms. Firefox console output:
fied Functional Testing\\Bin\\Mozilla\\Common","mtime":1410588621013,"rdfTime":1404763212000}}},{"name":"app-profile","addons":{"fxdriver@googlecode.com":{"descriptor":"C:\\Users\\Girish\\AppData\\Local\\Temp\\anonymous7139010751645864536webdriver-profile\\extensions\\fxdriver@googlecode.com","mtime":1412348638531,"rdfTime":1412348638515}}}]
1412348639045	addons.xpi-utils	DEBUG	Opening XPI database C:\Users\Girish\AppData\Local\Temp\anonymous7139010751645864536webdriver-profile\extensions.json
1412348639046	addons.xpi	DEBUG	New add-on fxdriver@googlecode.com installed in app-profile
*** Blocklist::_loadBlocklistFromFile: blocklist is disabled
1412348639065	addons.xpi-utils	DEBUG	Make addon app-profile:fxdriver@googlecode.com visible
1412348639066	DeferredSave.extensions.json	DEBUG	Save changes
1412348639066	DeferredSave.extensions.json	DEBUG	Save changes
1412348639067	addons.xpi	DEBUG	New add-on {9F17B1A2-7317-49ef-BCB7-7BB47BDE10F8} installed in winreg-app-user
1412348639076	addons.xpi-utils	DEBUG	Make addon winreg-app-user:{9F17B1A2-7317-49ef-BCB7-7BB47BDE10F8} visible
1412348639076	DeferredSave.extensions.json	DEBUG	Save changes
1412348639076	DeferredSave.extensions.json	DEBUG	Save changes
1412348639076	addons.xpi	DEBUG	New add-on {972ce4c6-7e08-4474-a285-3208198ce6fd} installed in app-global
1412348639077	addons.xpi-utils	DEBUG	Make addon app-global:{972ce4c6-7e08-4474-a285-3208198ce6fd} visible
1412348639078	DeferredSave.extensions.json	DEBUG	Save changes
1412348639078	DeferredSave.extensions.json	DEBUG	Save changes
1412348639078	addons.xpi	DEBUG	New add-on {9F17B1A2-7317-49ef-BCB7-7BB47BDE10F8} installed in winreg-app-global
1412348639086	DeferredSave.extensions.json	DEBUG	Save changes
1412348639099	addons.xpi	DEBUG	Updating database with changes to installed add-ons
1412348639099	addons.xpi-utils	DEBUG	Updating add-on states
1412348639099	addons.xpi-utils	DEBUG	Writing add-ons list
1412348639544	DeferredSave.extensions.json	DEBUG	Starting timer
1412348639572	addons.manager	DEBUG	shutdown
1412348639573	DeferredSave.extensions.json	DEBUG	Starting write
1412348639573	addons.xpi	DEBUG	shutdown
1412348639574	addons.xpi-utils	DEBUG	shutdown
1412348639613	DeferredSave.extensions.json	DEBUG	Write succeeded
1412348639613	addons.xpi-utils	DEBUG	XPI Database saved, setting schema version preference to 16
1412348639613	addons.xpi	DEBUG	Notifying XPI shutdown observers
1412348639615	addons.manager	DEBUG	Async provider shutdown done
1412348639929	addons.manager	DEBUG	Loaded provider scope for resource://gre/modules/addons/XPIProvider.jsm: ["XPIProvider"]
1412348639931	addons.manager	DEBUG	Loaded provider scope for resource://gre/modules/LightweightThemeManager.jsm: ["LightweightThemeManager"]
1412348639932	addons.xpi	DEBUG	startup
1412348639932	addons.xpi	INFO	Mapping {9F17B1A2-7317-49ef-BCB7-7BB47BDE10F8} to C:\Program Files (x86)\HP\Unified Functional Testing\\bin\Mozilla\Common
1412348639933	addons.xpi	DEBUG	Skipping unavailable install location app-system-local
1412348639933	addons.xpi	DEBUG	Skipping unavailable install location app-system-share
1412348639933	addons.xpi	INFO	Mapping {972ce4c6-7e08-4474-a285-3208198ce6fd} to C:\Program Files (x86)\Mozilla Firefox\browser\extensions\{972ce4c6-7e08-4474-a285-3208198ce6fd}
1412348639934	addons.xpi	INFO	Mapping {9F17B1A2-7317-49ef-BCB7-7BB47BDE10F8} to C:\Program Files (x86)\HP\Unified Functional Testing\Bin\Mozilla\Common
1412348639934	addons.xpi	INFO	Mapping fxdriver@googlecode.com to C:\Users\Girish\AppData\Local\Temp\anonymous7139010751645864536webdriver-profile\extensions\fxdriver@googlecode.com
1412348639934	addons.xpi	DEBUG	Ignoring file entry whose name is not a valid add-on ID: C:\Users\Girish\AppData\Local\Temp\anonymous7139010751645864536webdriver-profile\extensions\webdriver-staging
1412348639935	addons.xpi	DEBUG	checkForChanges
1412348639949	addons.xpi	DEBUG	No changes found
*** Blocklist::_preloadBlocklistFile: blocklist is disabled
JavaScript error: chrome://browser/content/urlbarBindings.xml, line 677: aUrl is undefined

	at org.openqa.selenium.firefox.internal.NewProfileExtensionConnection.start(NewProfileExtensionConnection.java:118)
	... 31 more
]]>
    </failure>
  </testcase> <!-- testContextClick -->
</testsuite> <!-- com.practice.ContextClick -->
