<?xml version="1.0" encoding="UTF-8"?>
<!-- Generated by org.testng.reporters.JUnitReportReporter -->
<testsuite hostname="Girish-PC" name="com.practice.NoOFLinksOnWebPage" tests="1" failures="0" timestamp="3 Sep 2014 05:45:09 GMT" time="6.054" errors="0">
  <testcase name="testNoOFLinksOnWebPage" time="6.054" classname="com.practice.NoOFLinksOnWebPage"/>
</testsuite> <!-- com.practice.NoOFLinksOnWebPage -->
