<?xml version="1.0" encoding="UTF-8"?>
<!-- Generated by org.testng.reporters.JUnitReportReporter -->
<testsuite hostname="Girish-PC" name="com.practice.LoginLogoutActiTime" tests="1" failures="0" timestamp="7 Sep 2014 05:47:48 GMT" time="8.970" errors="0">
  <testcase name="testLoginLogoutActiTime_Xpath" time="8.970" classname="com.practice.LoginLogoutActiTime"/>
</testsuite> <!-- com.practice.LoginLogoutActiTime -->
