<?xml version="1.0" encoding="UTF-8"?>
<!-- Generated by org.testng.reporters.JUnitReportReporter -->
<testsuite hostname="sdjgf-PC" name="com.projectname.testcases.AT_Login_Invalid" tests="1" failures="0" timestamp="16 Feb 2014 07:28:04 GMT" time="15.689" errors="0">
  <testcase name="testAT_Login_Invalid" time="15.689" classname="com.projectname.testcases.AT_Login_Invalid"/>
</testsuite> <!-- com.projectname.testcases.AT_Login_Invalid -->
