<?xml version="1.0" encoding="UTF-8"?>
<!-- Generated by org.testng.reporters.JUnitReportReporter -->
<testsuite hostname="GBADAGAR00157" name="com.practice.T_ActitimeLoginLogout" tests="1" failures="0" timestamp="28 Mar 2016 16:15:10 GMT" time="14.312" errors="0">
  <testcase name="testT_ActitimeLoginLogout" time="14.312" classname="com.practice.T_ActitimeLoginLogout"/>
</testsuite> <!-- com.practice.T_ActitimeLoginLogout -->
