<?xml version="1.0" encoding="UTF-8"?>
<!-- Generated by org.testng.reporters.JUnitReportReporter -->
<testsuite hostname="Anandgirish-PC" name="com.practice.AT_Annotations" tests="2" failures="0" timestamp="21 Nov 2015 04:02:42 GMT" time="0.031" errors="0">
  <testcase name="testAnnotations1" time="0.031" classname="com.practice.AT_Annotations"/>
  <testcase name="testAnnotations2" time="0.000" classname="com.practice.AT_Annotations"/>
</testsuite> <!-- com.practice.AT_Annotations -->
