<?xml version="1.0" encoding="UTF-8"?>
<!-- Generated by org.testng.reporters.JUnitReportReporter -->
<testsuite hostname="Girish-PC" name="com.practice.SelectClassNew" tests="1" failures="0" timestamp="21 Feb 2015 17:54:21 GMT" time="16.852" errors="0">
  <testcase name="testSelectClassNew" time="16.852" classname="com.practice.SelectClassNew"/>
</testsuite> <!-- com.practice.SelectClassNew -->
