<?xml version="1.0" encoding="UTF-8"?>
<!-- Generated by org.testng.reporters.JUnitReportReporter -->
<testsuite hostname="GBADAGAR00157" name="com.Actitime.testcases.AT_Login_Invalid" tests="1" failures="0" timestamp="20 Jun 2016 17:09:34 GMT" time="9.616" errors="0">
  <testcase name="testAT_Login_Invalid" time="9.616" classname="com.Actitime.testcases.AT_Login_Invalid"/>
</testsuite> <!-- com.Actitime.testcases.AT_Login_Invalid -->
