<?xml version="1.0" encoding="UTF-8"?>
<!-- Generated by org.testng.reporters.JUnitReportReporter -->
<testsuite hostname="Anandgirish-PC" name="com.Actitime.testcases.AT_Customer_Create" tests="1" failures="0" timestamp="3 Dec 2015 19:27:32 GMT" time="13.903" errors="0">
  <testcase name="testAT_Customer_Create" time="13.903" classname="com.Actitime.testcases.AT_Customer_Create"/>
</testsuite> <!-- com.Actitime.testcases.AT_Customer_Create -->
