<?xml version="1.0" encoding="UTF-8"?>
<!-- Generated by org.testng.reporters.JUnitReportReporter -->
<testsuite hostname="Anandgirish-PC" name="com.practice.T_AT_WebList" tests="1" failures="0" timestamp="31 Aug 2015 17:23:15 GMT" time="35.091" errors="0">
  <testcase name="testT_AT_WebList" time="35.091" classname="com.practice.T_AT_WebList"/>
</testsuite> <!-- com.practice.T_AT_WebList -->
