<?xml version="1.0" encoding="UTF-8"?>
<!-- Generated by org.testng.reporters.JUnitReportReporter -->
<testsuite hostname="Girish-PC" name="DataDrivenTesting.ReadDataFrom1stCellOfExcel" tests="1" failures="0" timestamp="9 Sep 2014 06:17:56 GMT" time="0.656" errors="0">
  <testcase name="testReadDataFrom1stCellOfExcel" time="0.656" classname="DataDrivenTesting.ReadDataFrom1stCellOfExcel"/>
</testsuite> <!-- DataDrivenTesting.ReadDataFrom1stCellOfExcel -->
