<?xml version="1.0" encoding="UTF-8"?>
<!-- Generated by org.testng.reporters.JUnitReportReporter -->
<testsuite hostname="Girish-PC" name="com.practice.SelectClassFindingOptionInListBox" tests="1" failures="0" timestamp="8 Sep 2014 04:48:00 GMT" time="3.484" errors="0">
  <testcase name="testSelectClassFindingOptionInListBox" time="3.484" classname="com.practice.SelectClassFindingOptionInListBox"/>
</testsuite> <!-- com.practice.SelectClassFindingOptionInListBox -->
