<?xml version="1.0" encoding="UTF-8"?>
<!-- Generated by org.testng.reporters.JUnitReportReporter -->
<testsuite hostname="GBADAGAR00157" name="com.Actitime.testcases.AT_Login_Valid" tests="1" failures="0" timestamp="20 Jun 2016 17:09:34 GMT" time="17.217" errors="0">
  <testcase name="testAT_Login_Valid" time="17.217" classname="com.Actitime.testcases.AT_Login_Valid"/>
</testsuite> <!-- com.Actitime.testcases.AT_Login_Valid -->
