<?xml version="1.0" encoding="UTF-8"?>
<!-- Generated by org.testng.reporters.JUnitReportReporter -->
<testsuite hostname="Girish-PC" name="com.practice.S_WindowPopUp_AutoIT" tests="1" failures="0" timestamp="8 Dec 2014 17:21:58 GMT" time="13.616" errors="0">
  <testcase name="testWindowPopUp_AutoIT" time="13.616" classname="com.practice.S_WindowPopUp_AutoIT"/>
</testsuite> <!-- com.practice.S_WindowPopUp_AutoIT -->
