<?xml version="1.0" encoding="UTF-8"?>
<!-- Generated by org.testng.reporters.JUnitReportReporter -->
<testsuite hostname="sdjgf-PC" name="com.projectname.testcases.AT_Login_Valid" tests="1" failures="0" timestamp="16 Feb 2014 07:28:04 GMT" time="28.451" errors="0">
  <testcase name="testAT_Login_Valid" time="28.451" classname="com.projectname.testcases.AT_Login_Valid"/>
</testsuite> <!-- com.projectname.testcases.AT_Login_Valid -->
