<?xml version="1.0" encoding="UTF-8"?>
<!-- Generated by org.testng.reporters.JUnitReportReporter -->
<testsuite hostname="Girish-PC" name="com.practice.S_SelectClass_MultipleSelection" tests="1" failures="0" timestamp="7 Dec 2014 05:07:12 GMT" time="16.732" errors="0">
  <testcase name="testSelectClass" time="16.732" classname="com.practice.S_SelectClass_MultipleSelection"/>
</testsuite> <!-- com.practice.S_SelectClass_MultipleSelection -->
