<?xml version="1.0" encoding="UTF-8"?>
<!-- Generated by org.testng.reporters.JUnitReportReporter -->
<testsuite hostname="GBADAGAR00157" name="com.practice.AT_3_LoginPage_Text_Validation" tests="1" failures="0" timestamp="11 Nov 2016 09:04:31 GMT" time="11.094" errors="0">
  <testcase name="testAT_3_LoginPage_Text_Validation" time="11.094" classname="com.practice.AT_3_LoginPage_Text_Validation"/>
</testsuite> <!-- com.practice.AT_3_LoginPage_Text_Validation -->
