<?xml version="1.0" encoding="UTF-8"?>
<!-- Generated by org.testng.reporters.JUnitReportReporter -->
<testsuite hostname="Girish-PC" name="com.practice.S_findElements" tests="1" failures="0" timestamp="7 Dec 2014 07:27:32 GMT" time="32.008" errors="0">
  <testcase name="testfindElements" time="32.008" classname="com.practice.S_findElements"/>
</testsuite> <!-- com.practice.S_findElements -->
