<?xml version="1.0" encoding="UTF-8"?>
<!-- Generated by org.testng.reporters.JUnitReportReporter -->
<testsuite hostname="GBADAGAR00157" name="com.practice.HDFC" tests="1" failures="0" timestamp="5 May 2016 09:44:02 GMT" time="79.114" errors="0">
  <testcase name="testHDFC" time="79.114" classname="com.practice.HDFC"/>
</testsuite> <!-- com.practice.HDFC -->
