<?xml version="1.0" encoding="UTF-8"?>
<!-- Generated by org.testng.reporters.JUnitReportReporter -->
<testsuite hostname="Girish-PC" name="com.practice.NoParameterWithTestNGXML" tests="1" failures="0" timestamp="14 Dec 2014 12:20:40 GMT" time="14.227" errors="0">
  <testcase name="testNoParameter" time="14.227" classname="com.practice.NoParameterWithTestNGXML"/>
</testsuite> <!-- com.practice.NoParameterWithTestNGXML -->
