<?xml version="1.0" encoding="UTF-8"?>
<!-- Generated by org.testng.reporters.JUnitReportReporter -->
<testsuite hostname="sdjgf-PC" name="com.practice.DemoA" tests="1" failures="0" timestamp="27 May 2014 18:05:03 GMT" time="0.031" errors="0">
  <testcase name="testDemoA" time="0.031" classname="com.practice.DemoA"/>
</testsuite> <!-- com.practice.DemoA -->
