<?xml version="1.0" encoding="UTF-8"?>
<!-- Generated by org.testng.reporters.JUnitReportReporter -->
<testsuite hostname="Girish-PC" name="com.practice.S_LoginToActime_POMTest" tests="1" failures="0" timestamp="14 Dec 2014 08:29:24 GMT" time="2.640" errors="0">
  <testcase name="testS_LoginToActitimePOM" time="2.640" classname="com.practice.S_LoginToActime_POMTest"/>
</testsuite> <!-- com.practice.S_LoginToActime_POMTest -->
