<?xml version="1.0" encoding="UTF-8"?>
<!-- Generated by org.testng.reporters.JUnitReportReporter -->
<testsuite hostname="Girish-PC" name="com.practice.AlertPopUp" tests="1" failures="0" timestamp="9 Sep 2014 05:33:27 GMT" time="10.950" errors="0">
  <testcase name="testAlertPopUp" time="10.950" classname="com.practice.AlertPopUp"/>
</testsuite> <!-- com.practice.AlertPopUp -->
