<?xml version="1.0" encoding="UTF-8"?>
<!-- Generated by org.testng.reporters.JUnitReportReporter -->
<testsuite hostname="Girish-PC" name="com.practice.PrintExcelContent" tests="1" failures="0" timestamp="22 Feb 2015 14:01:42 GMT" time="3.685" errors="0">
  <testcase name="testPrintExcelContent" time="3.685" classname="com.practice.PrintExcelContent"/>
</testsuite> <!-- com.practice.PrintExcelContent -->
