<?xml version="1.0" encoding="UTF-8"?>
<!-- Generated by org.testng.reporters.JUnitReportReporter -->
<testsuite hostname="Anandgirish-PC" name="com.practice.Java1" tests="1" failures="0" timestamp="22 Aug 2015 17:52:13 GMT" time="18.270" errors="0">
  <testcase name="testJava1" time="18.270" classname="com.practice.Java1"/>
</testsuite> <!-- com.practice.Java1 -->
