<?xml version="1.0" encoding="UTF-8"?>
<!-- Generated by org.testng.reporters.JUnitReportReporter -->
<testsuite hostname="Girish-PC" name="com.practice.CheckBoxSelectionVerification" tests="1" failures="0" timestamp="7 Sep 2014 05:58:38 GMT" time="6.815" errors="0">
  <testcase name="testCheckBoxSelectionVerification" time="6.815" classname="com.practice.CheckBoxSelectionVerification"/>
</testsuite> <!-- com.practice.CheckBoxSelectionVerification -->
