<?xml version="1.0" encoding="UTF-8"?>
<!-- Generated by org.testng.reporters.JUnitReportReporter -->
<testsuite hostname="GBADAGAR00157" name="com.practice.AT_ExplicitWait_WebDriverWait" tests="1" failures="0" timestamp="21 Nov 2016 07:33:47 GMT" time="20.762" errors="0">
  <testcase name="testAT_ExplicitWait_WebDriverWait" time="20.762" classname="com.practice.AT_ExplicitWait_WebDriverWait"/>
</testsuite> <!-- com.practice.AT_ExplicitWait_WebDriverWait -->
