<?xml version="1.0" encoding="UTF-8"?>
<!-- Generated by org.testng.reporters.JUnitReportReporter -->
<testsuite hostname="Girish-PC" name="com.practice.ReadFromExcel1" tests="1" failures="0" timestamp="22 Feb 2015 13:52:05 GMT" time="0.700" errors="0">
  <testcase name="test" time="0.700" classname="com.practice.ReadFromExcel1"/>
</testsuite> <!-- com.practice.ReadFromExcel1 -->
