<?xml version="1.0" encoding="UTF-8"?>
<!-- Generated by org.testng.reporters.JUnitReportReporter -->
<testsuite hostname="Anandgirish-PC" name="com.Actitime.testcases.AT_Customer_Duplicate" tests="1" failures="0" timestamp="3 Dec 2015 19:27:53 GMT" time="13.435" errors="0">
  <testcase name="testAT_Customer_Duplicate" time="13.435" classname="com.Actitime.testcases.AT_Customer_Duplicate"/>
</testsuite> <!-- com.Actitime.testcases.AT_Customer_Duplicate -->
