<?xml version="1.0" encoding="UTF-8"?>
<!-- Generated by org.testng.reporters.JUnitReportReporter -->
<testsuite hostname="Girish-PC" name="com.practice.S_CustomListBox" tests="1" failures="0" timestamp="21 Feb 2015 17:59:16 GMT" time="49.265" errors="0">
  <testcase name="testCustomListBox" time="49.265" classname="com.practice.S_CustomListBox"/>
</testsuite> <!-- com.practice.S_CustomListBox -->
