<?xml version="1.0" encoding="UTF-8"?>
<!-- Generated by org.testng.reporters.JUnitReportReporter -->
<testsuite hostname="sdjgf-PC" name="com.practice.practice2" tests="1" failures="0" timestamp="16 Feb 2014 06:49:46 GMT" time="49.438" errors="0">
  <testcase name="testpractice2" time="49.438" classname="com.practice.practice2"/>
</testsuite> <!-- com.practice.practice2 -->
