<?xml version="1.0" encoding="UTF-8"?>
<!-- Generated by org.testng.reporters.JUnitReportReporter -->
<testsuite hostname="GBADAGAR00157" name="com.practice.Priority_In_testNG" tests="5" failures="0" timestamp="29 Mar 2016 16:22:04 GMT" time="17.742" errors="0">
  <testcase name="FaceBookPageTitleVerification" time="3.282" classname="com.practice.Priority_In_testNG"/>
  <testcase name="launchGoogle" time="5.176" classname="com.practice.Priority_In_testNG"/>
  <testcase name="openBrowser" time="8.635" classname="com.practice.Priority_In_testNG"/>
  <testcase name="peformSeachAndClick1stLink" time="0.616" classname="com.practice.Priority_In_testNG"/>
  <testcase name="CloseBrowser" time="0.033" classname="com.practice.Priority_In_testNG"/>
</testsuite> <!-- com.practice.Priority_In_testNG -->
