<?xml version="1.0" encoding="UTF-8"?>
<!-- Generated by org.testng.reporters.JUnitReportReporter -->
<testsuite hostname="sdjgf-PC" name="com.practice.practice4" tests="1" failures="0" timestamp="24 Feb 2014 17:54:10 GMT" time="18.891" errors="0">
  <testcase name="textpractice4" time="18.891" classname="com.practice.practice4"/>
</testsuite> <!-- com.practice.practice4 -->
