<?xml version="1.0" encoding="UTF-8"?>
<!-- Generated by org.testng.reporters.JUnitReportReporter -->
<testsuite hostname="GBADAGAR00157" name="com.practice.ActiTimeTest" tests="1" failures="0" timestamp="23 Aug 2016 12:25:59 GMT" time="28.759" errors="0">
  <testcase name="testActiTimeTest" time="28.759" classname="com.practice.ActiTimeTest"/>
</testsuite> <!-- com.practice.ActiTimeTest -->
