<?xml version="1.0" encoding="UTF-8"?>
<!-- Generated by org.testng.reporters.JUnitReportReporter -->
<testsuite hostname="Anandgirish-PC" name="com.test.POM.AT_LoginActitime_Valid" tests="1" failures="0" timestamp="9 Dec 2015 17:37:16 GMT" time="13.634" errors="0">
  <testcase name="testAT_LoginActitime_Valid" time="13.634" classname="com.test.POM.AT_LoginActitime_Valid"/>
</testsuite> <!-- com.test.POM.AT_LoginActitime_Valid -->
