<?xml version="1.0" encoding="UTF-8"?>
<!-- Generated by org.testng.reporters.JUnitReportReporter -->
<testsuite hostname="Girish-PC" name="com.practice.LoginToActiTime_New" tests="1" failures="0" timestamp="24 Nov 2014 17:28:10 GMT" time="9.704" errors="0">
  <testcase name="testLoginToActiTime" time="9.704" classname="com.practice.LoginToActiTime_New"/>
</testsuite> <!-- com.practice.LoginToActiTime_New -->
