<?xml version="1.0" encoding="UTF-8"?>
<!-- Generated by org.testng.reporters.JUnitReportReporter -->
<testsuite hostname="Girish-PC" name="com.practice.S_SelectClass" tests="1" failures="0" timestamp="6 Dec 2014 18:12:58 GMT" time="5.341" errors="0">
  <testcase name="testSelectClass" time="5.341" classname="com.practice.S_SelectClass"/>
</testsuite> <!-- com.practice.S_SelectClass -->
