<?xml version="1.0" encoding="UTF-8"?>
<!-- Generated by org.testng.reporters.JUnitReportReporter -->
<testsuite hostname="sdjgf-PC" name="com.practice.practice1" tests="1" failures="0" timestamp="16 Feb 2014 02:32:17 GMT" time="19.529" errors="0">
  <testcase name="testpractice1" time="19.529" classname="com.practice.practice1"/>
</testsuite> <!-- com.practice.practice1 -->
