<?xml version="1.0" encoding="UTF-8"?>
<!-- Generated by org.testng.reporters.JUnitReportReporter -->
<testsuite hostname="Girish-PC" name="com.practice.S_ContextClick_ActionsClass" tests="1" failures="0" timestamp="7 Dec 2014 06:38:09 GMT" time="34.369" errors="0">
  <testcase name="testContextClick_ActionsClass" time="34.369" classname="com.practice.S_ContextClick_ActionsClass"/>
</testsuite> <!-- com.practice.S_ContextClick_ActionsClass -->
