<?xml version="1.0" encoding="UTF-8"?>
<!-- Generated by org.testng.reporters.JUnitReportReporter -->
<testsuite hostname="sdjgf-PC" name="com.practice.ChildBrowserPopUp" tests="1" failures="0" timestamp="24 Feb 2014 18:20:20 GMT" time="16.566" errors="0">
  <testcase name="testChildBrowserPopUp" time="16.566" classname="com.practice.ChildBrowserPopUp"/>
</testsuite> <!-- com.practice.ChildBrowserPopUp -->
