<?xml version="1.0" encoding="UTF-8"?>
<!-- Generated by org.testng.reporters.JUnitReportReporter -->
<testsuite hostname="sdjgf-PC" name="com.Actitime.testcases.AT_UploadFile" tests="1" failures="0" timestamp="16 Jun 2014 17:43:43 GMT" time="53.994" errors="0">
  <testcase name="testAT_UploadFile" time="53.994" classname="com.Actitime.testcases.AT_UploadFile"/>
</testsuite> <!-- com.Actitime.testcases.AT_UploadFile -->
