<?xml version="1.0" encoding="UTF-8"?>
<!-- Generated by org.testng.reporters.JUnitReportReporter -->
<testsuite hostname="GBADAGAR00157" name="com.practice.AT_RobotClass_DownloadFile" tests="1" failures="0" timestamp="29 Mar 2016 16:07:20 GMT" time="25.979" errors="0">
  <testcase name="testAT_RobotClass_DownloadFile" time="25.979" classname="com.practice.AT_RobotClass_DownloadFile"/>
</testsuite> <!-- com.practice.AT_RobotClass_DownloadFile -->
