<?xml version="1.0" encoding="UTF-8"?>
<!-- Generated by org.testng.reporters.JUnitReportReporter -->
<testsuite hostname="sdjgf-PC" name="com.projectname.testcases.AT_CreateNewTasks" tests="1" failures="0" timestamp="9 Feb 2014 18:51:44 GMT" time="22.906" errors="0">
  <testcase name="testAT_CreateNewTasks" time="22.906" classname="com.projectname.testcases.AT_CreateNewTasks"/>
</testsuite> <!-- com.projectname.testcases.AT_CreateNewTasks -->
