<?xml version="1.0" encoding="UTF-8"?>
<!-- Generated by org.testng.reporters.JUnitReportReporter -->
<testsuite hostname="Girish-PC" name="com.practice.S_IEDriverServer" tests="1" failures="0" timestamp="7 Dec 2014 07:53:02 GMT" time="70.225" errors="0">
  <testcase name="testIEDriverServer" time="70.225" classname="com.practice.S_IEDriverServer"/>
</testsuite> <!-- com.practice.S_IEDriverServer -->
