<?xml version="1.0" encoding="UTF-8"?>
<!-- Generated by org.testng.reporters.JUnitReportReporter -->
<testsuite hostname="Girish-PC" name="com.practice.Guru99CrossBrowserScript" tests="3" failures="0" timestamp="14 Dec 2014 13:49:26 GMT" time="11.540" errors="0">
  <testcase name="testParameterWithXML" time="4.465" classname="com.practice.Guru99CrossBrowserScript"/>
  <testcase name="testParameterWithXML" time="3.274" classname="com.practice.Guru99CrossBrowserScript"/>
  <testcase name="testParameterWithXML" time="3.801" classname="com.practice.Guru99CrossBrowserScript"/>
</testsuite> <!-- com.practice.Guru99CrossBrowserScript -->
