<?xml version="1.0" encoding="UTF-8"?>
<!-- Generated by org.testng.reporters.JUnitReportReporter -->
<testsuite hostname="Girish-PC" name="com.practice.IEChromeBrowser" tests="1" failures="0" timestamp="22 Feb 2015 10:21:30 GMT" time="50.960" errors="0">
  <testcase name="testS_checkAlCheckBoxes" time="50.960" classname="com.practice.IEChromeBrowser"/>
</testsuite> <!-- com.practice.IEChromeBrowser -->
