<?xml version="1.0" encoding="UTF-8"?>
<!-- Generated by org.testng.reporters.JUnitReportReporter -->
<testsuite hostname="sdjgf-PC" name="com.practice.ReadingDataFromExcel" tests="1" failures="0" timestamp="24 May 2014 18:24:47 GMT" time="2.014" errors="0">
  <testcase name="testReadingDataFromExcel" time="2.014" classname="com.practice.ReadingDataFromExcel"/>
</testsuite> <!-- com.practice.ReadingDataFromExcel -->
