<?xml version="1.0" encoding="UTF-8"?>
<!-- Generated by org.testng.reporters.JUnitReportReporter -->
<testsuite hostname="Girish-PC" name="com.practice.SelectClassSingleSelect" tests="1" failures="0" timestamp="8 Sep 2014 04:19:20 GMT" time="3.929" errors="0">
  <testcase name="testSelectClassSingleSelect" time="3.929" classname="com.practice.SelectClassSingleSelect"/>
</testsuite> <!-- com.practice.SelectClassSingleSelect -->
