<?xml version="1.0" encoding="UTF-8"?>
<!-- Generated by org.testng.reporters.JUnitReportReporter -->
<testsuite hostname="sdjgf-PC" name="com.projectname.testcases.AT_Customer_CreateDuplicate" tests="1" failures="0" timestamp="16 Feb 2014 07:28:04 GMT" time="23.283" errors="0">
  <testcase name="testAT_Customer_CreateDuplicate" time="23.283" classname="com.projectname.testcases.AT_Customer_CreateDuplicate"/>
</testsuite> <!-- com.projectname.testcases.AT_Customer_CreateDuplicate -->
