<?xml version="1.0" encoding="UTF-8"?>
<!-- Generated by org.testng.reporters.JUnitReportReporter -->
<testsuite hostname="GBADAGAR00157" name="com.practice.LoginActiTIMELogout" tests="1" failures="0" timestamp="13 Apr 2016 14:56:19 GMT" time="19.723" errors="0">
  <testcase name="testLoginLogoutFromActiTIME" time="19.723" classname="com.practice.LoginActiTIMELogout"/>
</testsuite> <!-- com.practice.LoginActiTIMELogout -->
