<?xml version="1.0" encoding="UTF-8"?>
<!-- Generated by org.testng.reporters.JUnitReportReporter -->
<testsuite hostname="sdjgf-PC" name="com.practice.ListBoxAlternateSelection" tests="1" failures="0" timestamp="18 May 2014 17:00:37 GMT" time="23.737" errors="0">
  <testcase name="testListBoxAlternateSelection" time="23.737" classname="com.practice.ListBoxAlternateSelection"/>
</testsuite> <!-- com.practice.ListBoxAlternateSelection -->
