<?xml version="1.0" encoding="UTF-8"?>
<!-- Generated by org.testng.reporters.JUnitReportReporter -->
<testsuite hostname="Girish-PC" name="com.practice.S_FileDownloadPopUp" tests="1" failures="0" timestamp="8 Dec 2014 16:32:03 GMT" time="21.513" errors="0">
  <testcase name="testFileDownloadPopUp" time="21.513" classname="com.practice.S_FileDownloadPopUp"/>
</testsuite> <!-- com.practice.S_FileDownloadPopUp -->
