<?xml version="1.0" encoding="UTF-8"?>
<!-- Generated by org.testng.reporters.JUnitReportReporter -->
<testsuite hostname="Girish-PC" name="com.practice.LoginLogoutFromActiTIME" tests="1" failures="0" timestamp="6 Sep 2014 06:00:41 GMT" time="12.339" errors="0">
  <testcase name="testLoginLogoutFromActiTIME" time="12.339" classname="com.practice.LoginLogoutFromActiTIME"/>
</testsuite> <!-- com.practice.LoginLogoutFromActiTIME -->
