<?xml version="1.0" encoding="UTF-8"?>
<!-- Generated by org.testng.reporters.JUnitReportReporter -->
<testsuite hostname="Girish-PC" name="com.practice.LoginToactiTime" tests="1" failures="0" timestamp="31 Aug 2014 05:02:35 GMT" time="13.692" errors="0">
  <testcase name="testLoginToactiTime" time="13.692" classname="com.practice.LoginToactiTime"/>
</testsuite> <!-- com.practice.LoginToactiTime -->
