<?xml version="1.0" encoding="UTF-8"?>
<!-- Generated by org.testng.reporters.JUnitReportReporter -->
<testsuite hostname="Girish-PC" name="com.practice.SelectClassMultiSelect" tests="1" failures="0" timestamp="8 Sep 2014 04:23:28 GMT" time="8.526" errors="0">
  <testcase name="testSelectClassMultiSelect" time="8.526" classname="com.practice.SelectClassMultiSelect"/>
</testsuite> <!-- com.practice.SelectClassMultiSelect -->
