<?xml version="1.0" encoding="UTF-8"?>
<!-- Generated by org.testng.reporters.JUnitReportReporter -->
<testsuite hostname="Girish-PC" name="com.practice.S_SelectClass_ListOptionsPrint" tests="1" failures="0" timestamp="7 Dec 2014 05:22:30 GMT" time="3.932" errors="0">
  <testcase name="testSelectClass_ListOptionsPrint" time="3.932" classname="com.practice.S_SelectClass_ListOptionsPrint"/>
</testsuite> <!-- com.practice.S_SelectClass_ListOptionsPrint -->
