<?xml version="1.0" encoding="UTF-8"?>
<!-- Generated by org.testng.reporters.JUnitReportReporter -->
<testsuite hostname="Girish-PC" name="com.practice.TestNGDemo2" tests="4" failures="0" timestamp="31 May 2015 08:11:42 GMT" time="0.010" errors="0">
  <testcase name="testC" time="0.000" classname="com.practice.TestNGDemo2"/>
  <testcase name="testA" time="0.010" classname="com.practice.TestNGDemo2"/>
  <testcase name="testD" time="0.000" classname="com.practice.TestNGDemo2"/>
  <testcase name="testB" time="0.000" classname="com.practice.TestNGDemo2"/>
</testsuite> <!-- com.practice.TestNGDemo2 -->
