<?xml version="1.0" encoding="UTF-8"?>
<!-- Generated by org.testng.reporters.JUnitReportReporter -->
<testsuite hostname="Girish-PC" name="com.practice.HiddenDivisionPopUp" tests="1" failures="0" timestamp="9 Sep 2014 05:59:57 GMT" time="9.688" errors="0">
  <testcase name="testHiddenDivisionPopUp" time="9.688" classname="com.practice.HiddenDivisionPopUp"/>
</testsuite> <!-- com.practice.HiddenDivisionPopUp -->
