<?xml version="1.0" encoding="UTF-8"?>
<!-- Generated by org.testng.reporters.JUnitReportReporter -->
<testsuite hostname="Anandgirish-PC" name="com.test.POM.Test99GuruLogin" tests="1" failures="0" timestamp="13 Sep 2015 07:12:13 GMT" time="2.808" errors="0">
  <testcase name="test_Home_Page_Appear_Correct" time="2.808" classname="com.test.POM.Test99GuruLogin"/>
</testsuite> <!-- com.test.POM.Test99GuruLogin -->
