<?xml version="1.0" encoding="UTF-8"?>
<!-- Generated by org.testng.reporters.JUnitReportReporter -->
<testsuite hostname="Girish-PC" name="com.practice.TestListener" tests="1" failures="0" timestamp="14 Dec 2014 07:09:00 GMT" time="0.056" errors="0">
  <testcase name="main" time="0.056" classname="com.practice.TestListener"/>
</testsuite> <!-- com.practice.TestListener -->
