<?xml version="1.0" encoding="UTF-8"?>
<!-- Generated by org.testng.reporters.JUnitReportReporter -->
<testsuite hostname="Girish-PC" name="com.practice.AlertConfirmationPopUp" tests="1" failures="0" timestamp="9 Sep 2014 05:24:46 GMT" time="11.935" errors="0">
  <testcase name="testAlertConfirmationPopUp" time="11.935" classname="com.practice.AlertConfirmationPopUp"/>
</testsuite> <!-- com.practice.AlertConfirmationPopUp -->
