<?xml version="1.0" encoding="UTF-8"?>
<!-- Generated by org.testng.reporters.JUnitReportReporter -->
<testsuite hostname="Girish-PC" name="com.practice.T_BasicOperations" tests="1" failures="0" timestamp="21 Feb 2015 14:21:50 GMT" time="35.287" errors="0">
  <testcase name="testT_BasicOperations" time="35.287" classname="com.practice.T_BasicOperations"/>
</testsuite> <!-- com.practice.T_BasicOperations -->
