<?xml version="1.0" encoding="UTF-8"?>
<!-- Generated by org.testng.reporters.JUnitReportReporter -->
<testsuite hostname="Anandgirish-PC" name="com.practice.AT_ChildBrowserPopUp" tests="1" failures="0" timestamp="13 Sep 2015 04:07:36 GMT" time="11.609" errors="0">
  <testcase name="testAT_ChildBrowserPopUp" time="11.609" classname="com.practice.AT_ChildBrowserPopUp"/>
</testsuite> <!-- com.practice.AT_ChildBrowserPopUp -->
