<?xml version="1.0" encoding="UTF-8"?>
<!-- Generated by org.testng.reporters.JUnitReportReporter -->
<testsuite hostname="GBADAGAR00157" name="com.practice.AT_3_LoginLogoutFromActitime" tests="1" failures="0" timestamp="20 Jun 2016 17:00:35 GMT" time="20.580" errors="0">
  <testcase name="testAT_3_LoginLogoutFromActitime" time="20.580" classname="com.practice.AT_3_LoginLogoutFromActitime"/>
</testsuite> <!-- com.practice.AT_3_LoginLogoutFromActitime -->
