<?xml version="1.0" encoding="UTF-8"?>
<!-- Generated by org.testng.reporters.JUnitReportReporter -->
<testsuite hostname="GBADAGAR00157" name="com.practice.KendoUI_DropdownList" tests="1" failures="0" timestamp="2 Jun 2016 10:38:57 GMT" time="58.515" errors="0">
  <testcase name="testKendoUI_DropdownList" time="58.515" classname="com.practice.KendoUI_DropdownList"/>
</testsuite> <!-- com.practice.KendoUI_DropdownList -->
