<?xml version="1.0" encoding="UTF-8"?>
<!-- Generated by org.testng.reporters.JUnitReportReporter -->
<testsuite hostname="Girish-PC" name="com.practice.FileUpLoadPopUp" tests="1" failures="0" timestamp="3 Oct 2014 17:18:27 GMT" time="36.018" errors="0">
  <testcase name="testFileUpLoadPopUp" time="36.018" classname="com.practice.FileUpLoadPopUp"/>
</testsuite> <!-- com.practice.FileUpLoadPopUp -->
